The target system is: Generic -  - 
The host system is: Darwin - 19.3.0 - x86_64
Compiling the C compiler identification source file "CMakeCCompilerId.c" succeeded.
Compiler: /Users/drewandre/.espressif/tools/xtensa-esp32-elf/1.22.0-80-g6c4433a-5.2.0/xtensa-esp32-elf/bin/xtensa-esp32-elf-gcc 
Build flags: -mlongcalls
Id flags: -c 

The output was:
0


Compilation of the C compiler identification source "CMakeCCompilerId.c" produced "CMakeCCompilerId.o"

The C compiler identification is GNU, found in "/Users/drewandre/esp/palette_firmware_esp32/build/CMakeFiles/3.16.4/CompilerIdC/CMakeCCompilerId.o"

Compiling the CXX compiler identification source file "CMakeCXXCompilerId.cpp" succeeded.
Compiler: /Users/drewandre/.espressif/tools/xtensa-esp32-elf/1.22.0-80-g6c4433a-5.2.0/xtensa-esp32-elf/bin/xtensa-esp32-elf-g++ 
Build flags: -mlongcalls
Id flags: -c 

The output was:
0


Compilation of the CXX compiler identification source "CMakeCXXCompilerId.cpp" produced "CMakeCXXCompilerId.o"

The CXX compiler identification is GNU, found in "/Users/drewandre/esp/palette_firmware_esp32/build/CMakeFiles/3.16.4/CompilerIdCXX/CMakeCXXCompilerId.o"

Checking whether the ASM compiler is GNU using "--version" matched "(GNU assembler)|(GCC)|(Free Software Foundation)":
xtensa-esp32-elf-gcc (crosstool-NG crosstool-ng-1.22.0-80-g6c4433a) 5.2.0
Copyright (C) 2015 Free Software Foundation, Inc.
This is free software; see the source for copying conditions.  There is NO
warranty; not even for MERCHANTABILITY or FITNESS FOR A PARTICULAR PURPOSE.

Determining if the C compiler works passed with the following output:
Change Dir: /Users/drewandre/esp/palette_firmware_esp32/build/CMakeFiles/CMakeTmp

Run Build Command(s):/usr/local/bin/ninja cmTC_b653c && [1/2] Building C object CMakeFiles/cmTC_b653c.dir/testCCompiler.c.obj
[2/2] Linking C executable cmTC_b653c
/Users/drewandre/.espressif/tools/xtensa-esp32-elf/1.22.0-80-g6c4433a-5.2.0/xtensa-esp32-elf/bin/../lib/gcc/xtensa-esp32-elf/5.2.0/../../../../xtensa-esp32-elf/bin/ld: warning: cannot find entry symbol _start; defaulting to 0000000000400054



Detecting C compiler ABI info compiled with the following output:
Change Dir: /Users/drewandre/esp/palette_firmware_esp32/build/CMakeFiles/CMakeTmp

Run Build Command(s):/usr/local/bin/ninja cmTC_aeb20 && [1/2] Building C object CMakeFiles/cmTC_aeb20.dir/CMakeCCompilerABI.c.obj
Using built-in specs.
COLLECT_GCC=/Users/drewandre/.espressif/tools/xtensa-esp32-elf/1.22.0-80-g6c4433a-5.2.0/xtensa-esp32-elf/bin/xtensa-esp32-elf-gcc
Target: xtensa-esp32-elf
Configured with: /Volumes/build/idf/crosstool-NG/.build/src/gcc-5.2.0/configure --build=x86_64-build_apple-darwin16.3.0 --host=x86_64-build_apple-darwin16.3.0 --target=xtensa-esp32-elf --prefix=/Volumes/build/idf/crosstool-NG/builds/xtensa-esp32-elf --with-local-prefix=/Volumes/build/idf/crosstool-NG/builds/xtensa-esp32-elf/xtensa-esp32-elf/sysroot --with-sysroot=/Volumes/build/idf/crosstool-NG/builds/xtensa-esp32-elf/xtensa-esp32-elf/sysroot --with-newlib --enable-threads=no --disable-shared --with-pkgversion='crosstool-NG crosstool-ng-1.22.0-80-g6c4433a' --disable-__cxa_atexit --enable-cxx-flags='-fno-rtti -ffunction-sections' --with-gmp=/Volumes/build/idf/crosstool-NG/.build/xtensa-esp32-elf/buildtools --with-mpfr=/Volumes/build/idf/crosstool-NG/.build/xtensa-esp32-elf/buildtools --with-mpc=/Volumes/build/idf/crosstool-NG/.build/xtensa-esp32-elf/buildtools --with-isl=/Volumes/build/idf/crosstool-NG/.build/xtensa-esp32-elf/buildtools --with-cloog=/Volumes/build/idf/crosstool-NG/.build/xtensa-esp32-elf/buildtools --with-libelf=/Volumes/build/idf/crosstool-NG/.build/xtensa-esp32-elf/buildtools --enable-lto --enable-target-optspace --without-long-double-128 --disable-libgomp --disable-libmudflap --disable-libssp --disable-libquadmath --disable-libquadmath-support --disable-nls --enable-languages=c,c++ --disable-libstdcxx-verbose --enable-threads=posix --enable-gcov-custom-rtio
Thread model: posix
gcc version 5.2.0 (crosstool-NG crosstool-ng-1.22.0-80-g6c4433a) 
COLLECT_GCC_OPTIONS='-mlongcalls' '-v' '-o' 'CMakeFiles/cmTC_aeb20.dir/CMakeCCompilerABI.c.obj' '-c'
 /Users/drewandre/.espressif/tools/xtensa-esp32-elf/1.22.0-80-g6c4433a-5.2.0/xtensa-esp32-elf/bin/../libexec/gcc/xtensa-esp32-elf/5.2.0/cc1 -quiet -v -iprefix /Users/drewandre/.espressif/tools/xtensa-esp32-elf/1.22.0-80-g6c4433a-5.2.0/xtensa-esp32-elf/bin/../lib/gcc/xtensa-esp32-elf/5.2.0/ -isysroot /Users/drewandre/.espressif/tools/xtensa-esp32-elf/1.22.0-80-g6c4433a-5.2.0/xtensa-esp32-elf/bin/../xtensa-esp32-elf/sysroot /usr/local/Cellar/cmake/3.16.4/share/cmake/Modules/CMakeCCompilerABI.c -quiet -dumpbase CMakeCCompilerABI.c -mlongcalls -auxbase-strip CMakeFiles/cmTC_aeb20.dir/CMakeCCompilerABI.c.obj -version -o /var/folders/g_/r1b4hjk107d4jr44k2snxmjm0000gn/T//ccgj7son.s
GNU C11 (crosstool-NG crosstool-ng-1.22.0-80-g6c4433a) version 5.2.0 (xtensa-esp32-elf)
	compiled by GNU C version 4.2.1 Compatible Apple LLVM 8.0.0 (clang-800.0.42.1), GMP version 6.0.0, MPFR version 3.1.3, MPC version 1.0.3
GGC heuristics: --param ggc-min-expand=100 --param ggc-min-heapsize=131072
ignoring duplicate directory "/Users/drewandre/.espressif/tools/xtensa-esp32-elf/1.22.0-80-g6c4433a-5.2.0/xtensa-esp32-elf/bin/../lib/gcc/../../lib/gcc/xtensa-esp32-elf/5.2.0/include"
ignoring nonexistent directory "/Users/drewandre/.espressif/tools/xtensa-esp32-elf/1.22.0-80-g6c4433a-5.2.0/xtensa-esp32-elf/bin/../xtensa-esp32-elf/sysroot/Volumes/build/idf/crosstool-NG/builds/xtensa-esp32-elf/xtensa-esp32-elf/sysroot/include"
ignoring duplicate directory "/Users/drewandre/.espressif/tools/xtensa-esp32-elf/1.22.0-80-g6c4433a-5.2.0/xtensa-esp32-elf/bin/../lib/gcc/../../lib/gcc/xtensa-esp32-elf/5.2.0/include-fixed"
ignoring duplicate directory "/Users/drewandre/.espressif/tools/xtensa-esp32-elf/1.22.0-80-g6c4433a-5.2.0/xtensa-esp32-elf/bin/../lib/gcc/../../lib/gcc/xtensa-esp32-elf/5.2.0/../../../../xtensa-esp32-elf/include"
#include "..." search starts here:
#include <...> search starts here:
 /Users/drewandre/.espressif/tools/xtensa-esp32-elf/1.22.0-80-g6c4433a-5.2.0/xtensa-esp32-elf/bin/../lib/gcc/xtensa-esp32-elf/5.2.0/include
 /Users/drewandre/.espressif/tools/xtensa-esp32-elf/1.22.0-80-g6c4433a-5.2.0/xtensa-esp32-elf/bin/../lib/gcc/xtensa-esp32-elf/5.2.0/include-fixed
 /Users/drewandre/.espressif/tools/xtensa-esp32-elf/1.22.0-80-g6c4433a-5.2.0/xtensa-esp32-elf/bin/../lib/gcc/xtensa-esp32-elf/5.2.0/../../../../xtensa-esp32-elf/include
 /Users/drewandre/.espressif/tools/xtensa-esp32-elf/1.22.0-80-g6c4433a-5.2.0/xtensa-esp32-elf/bin/../xtensa-esp32-elf/sysroot/usr/include
End of search list.
GNU C11 (crosstool-NG crosstool-ng-1.22.0-80-g6c4433a) version 5.2.0 (xtensa-esp32-elf)
	compiled by GNU C version 4.2.1 Compatible Apple LLVM 8.0.0 (clang-800.0.42.1), GMP version 6.0.0, MPFR version 3.1.3, MPC version 1.0.3
GGC heuristics: --param ggc-min-expand=100 --param ggc-min-heapsize=131072
Compiler executable checksum: 1835ba18f6c9b801c7b2d9636a84df7a
COLLECT_GCC_OPTIONS='-mlongcalls' '-v' '-o' 'CMakeFiles/cmTC_aeb20.dir/CMakeCCompilerABI.c.obj' '-c'
 /Users/drewandre/.espressif/tools/xtensa-esp32-elf/1.22.0-80-g6c4433a-5.2.0/xtensa-esp32-elf/bin/../lib/gcc/xtensa-esp32-elf/5.2.0/../../../../xtensa-esp32-elf/bin/as --traditional-format --longcalls -o CMakeFiles/cmTC_aeb20.dir/CMakeCCompilerABI.c.obj /var/folders/g_/r1b4hjk107d4jr44k2snxmjm0000gn/T//ccgj7son.s
COMPILER_PATH=/Users/drewandre/.espressif/tools/xtensa-esp32-elf/1.22.0-80-g6c4433a-5.2.0/xtensa-esp32-elf/bin/../libexec/gcc/xtensa-esp32-elf/5.2.0/:/Users/drewandre/.espressif/tools/xtensa-esp32-elf/1.22.0-80-g6c4433a-5.2.0/xtensa-esp32-elf/bin/../libexec/gcc/:/Users/drewandre/.espressif/tools/xtensa-esp32-elf/1.22.0-80-g6c4433a-5.2.0/xtensa-esp32-elf/bin/../lib/gcc/xtensa-esp32-elf/5.2.0/../../../../xtensa-esp32-elf/bin/
LIBRARY_PATH=/Users/drewandre/.espressif/tools/xtensa-esp32-elf/1.22.0-80-g6c4433a-5.2.0/xtensa-esp32-elf/bin/../lib/gcc/xtensa-esp32-elf/5.2.0/:/Users/drewandre/.espressif/tools/xtensa-esp32-elf/1.22.0-80-g6c4433a-5.2.0/xtensa-esp32-elf/bin/../lib/gcc/:/Users/drewandre/.espressif/tools/xtensa-esp32-elf/1.22.0-80-g6c4433a-5.2.0/xtensa-esp32-elf/bin/../lib/gcc/xtensa-esp32-elf/5.2.0/../../../../xtensa-esp32-elf/lib/:/Users/drewandre/.espressif/tools/xtensa-esp32-elf/1.22.0-80-g6c4433a-5.2.0/xtensa-esp32-elf/bin/../xtensa-esp32-elf/sysroot/lib/:/Users/drewandre/.espressif/tools/xtensa-esp32-elf/1.22.0-80-g6c4433a-5.2.0/xtensa-esp32-elf/bin/../xtensa-esp32-elf/sysroot/usr/lib/
COLLECT_GCC_OPTIONS='-mlongcalls' '-v' '-o' 'CMakeFiles/cmTC_aeb20.dir/CMakeCCompilerABI.c.obj' '-c'
[2/2] Linking C executable cmTC_aeb20
Using built-in specs.
COLLECT_GCC=/Users/drewandre/.espressif/tools/xtensa-esp32-elf/1.22.0-80-g6c4433a-5.2.0/xtensa-esp32-elf/bin/xtensa-esp32-elf-gcc
COLLECT_LTO_WRAPPER=/Users/drewandre/.espressif/tools/xtensa-esp32-elf/1.22.0-80-g6c4433a-5.2.0/xtensa-esp32-elf/bin/../libexec/gcc/xtensa-esp32-elf/5.2.0/lto-wrapper
Target: xtensa-esp32-elf
Configured with: /Volumes/build/idf/crosstool-NG/.build/src/gcc-5.2.0/configure --build=x86_64-build_apple-darwin16.3.0 --host=x86_64-build_apple-darwin16.3.0 --target=xtensa-esp32-elf --prefix=/Volumes/build/idf/crosstool-NG/builds/xtensa-esp32-elf --with-local-prefix=/Volumes/build/idf/crosstool-NG/builds/xtensa-esp32-elf/xtensa-esp32-elf/sysroot --with-sysroot=/Volumes/build/idf/crosstool-NG/builds/xtensa-esp32-elf/xtensa-esp32-elf/sysroot --with-newlib --enable-threads=no --disable-shared --with-pkgversion='crosstool-NG crosstool-ng-1.22.0-80-g6c4433a' --disable-__cxa_atexit --enable-cxx-flags='-fno-rtti -ffunction-sections' --with-gmp=/Volumes/build/idf/crosstool-NG/.build/xtensa-esp32-elf/buildtools --with-mpfr=/Volumes/build/idf/crosstool-NG/.build/xtensa-esp32-elf/buildtools --with-mpc=/Volumes/build/idf/crosstool-NG/.build/xtensa-esp32-elf/buildtools --with-isl=/Volumes/build/idf/crosstool-NG/.build/xtensa-esp32-elf/buildtools --with-cloog=/Volumes/build/idf/crosstool-NG/.build/xtensa-esp32-elf/buildtools --with-libelf=/Volumes/build/idf/crosstool-NG/.build/xtensa-esp32-elf/buildtools --enable-lto --enable-target-optspace --without-long-double-128 --disable-libgomp --disable-libmudflap --disable-libssp --disable-libquadmath --disable-libquadmath-support --disable-nls --enable-languages=c,c++ --disable-libstdcxx-verbose --enable-threads=posix --enable-gcov-custom-rtio
Thread model: posix
gcc version 5.2.0 (crosstool-NG crosstool-ng-1.22.0-80-g6c4433a) 
COMPILER_PATH=/Users/drewandre/.espressif/tools/xtensa-esp32-elf/1.22.0-80-g6c4433a-5.2.0/xtensa-esp32-elf/bin/../libexec/gcc/xtensa-esp32-elf/5.2.0/:/Users/drewandre/.espressif/tools/xtensa-esp32-elf/1.22.0-80-g6c4433a-5.2.0/xtensa-esp32-elf/bin/../libexec/gcc/:/Users/drewandre/.espressif/tools/xtensa-esp32-elf/1.22.0-80-g6c4433a-5.2.0/xtensa-esp32-elf/bin/../lib/gcc/xtensa-esp32-elf/5.2.0/../../../../xtensa-esp32-elf/bin/
LIBRARY_PATH=/Users/drewandre/.espressif/tools/xtensa-esp32-elf/1.22.0-80-g6c4433a-5.2.0/xtensa-esp32-elf/bin/../lib/gcc/xtensa-esp32-elf/5.2.0/:/Users/drewandre/.espressif/tools/xtensa-esp32-elf/1.22.0-80-g6c4433a-5.2.0/xtensa-esp32-elf/bin/../lib/gcc/:/Users/drewandre/.espressif/tools/xtensa-esp32-elf/1.22.0-80-g6c4433a-5.2.0/xtensa-esp32-elf/bin/../lib/gcc/xtensa-esp32-elf/5.2.0/../../../../xtensa-esp32-elf/lib/:/Users/drewandre/.espressif/tools/xtensa-esp32-elf/1.22.0-80-g6c4433a-5.2.0/xtensa-esp32-elf/bin/../xtensa-esp32-elf/sysroot/lib/:/Users/drewandre/.espressif/tools/xtensa-esp32-elf/1.22.0-80-g6c4433a-5.2.0/xtensa-esp32-elf/bin/../xtensa-esp32-elf/sysroot/usr/lib/
COLLECT_GCC_OPTIONS='-mlongcalls' '-nostdlib' '-v' '-o' 'cmTC_aeb20'
 /Users/drewandre/.espressif/tools/xtensa-esp32-elf/1.22.0-80-g6c4433a-5.2.0/xtensa-esp32-elf/bin/../libexec/gcc/xtensa-esp32-elf/5.2.0/collect2 -plugin /Users/drewandre/.espressif/tools/xtensa-esp32-elf/1.22.0-80-g6c4433a-5.2.0/xtensa-esp32-elf/bin/../libexec/gcc/xtensa-esp32-elf/5.2.0/liblto_plugin.so -plugin-opt=/Users/drewandre/.espressif/tools/xtensa-esp32-elf/1.22.0-80-g6c4433a-5.2.0/xtensa-esp32-elf/bin/../libexec/gcc/xtensa-esp32-elf/5.2.0/lto-wrapper -plugin-opt=-fresolution=/var/folders/g_/r1b4hjk107d4jr44k2snxmjm0000gn/T//ccEdroF5.res --sysroot=/Users/drewandre/.espressif/tools/xtensa-esp32-elf/1.22.0-80-g6c4433a-5.2.0/xtensa-esp32-elf/bin/../xtensa-esp32-elf/sysroot -o cmTC_aeb20 -L/Users/drewandre/.espressif/tools/xtensa-esp32-elf/1.22.0-80-g6c4433a-5.2.0/xtensa-esp32-elf/bin/../lib/gcc/xtensa-esp32-elf/5.2.0 -L/Users/drewandre/.espressif/tools/xtensa-esp32-elf/1.22.0-80-g6c4433a-5.2.0/xtensa-esp32-elf/bin/../lib/gcc -L/Users/drewandre/.espressif/tools/xtensa-esp32-elf/1.22.0-80-g6c4433a-5.2.0/xtensa-esp32-elf/bin/../lib/gcc/xtensa-esp32-elf/5.2.0/../../../../xtensa-esp32-elf/lib -L/Users/drewandre/.espressif/tools/xtensa-esp32-elf/1.22.0-80-g6c4433a-5.2.0/xtensa-esp32-elf/bin/../xtensa-esp32-elf/sysroot/lib -L/Users/drewandre/.espressif/tools/xtensa-esp32-elf/1.22.0-80-g6c4433a-5.2.0/xtensa-esp32-elf/bin/../xtensa-esp32-elf/sysroot/usr/lib CMakeFiles/cmTC_aeb20.dir/CMakeCCompilerABI.c.obj
/Users/drewandre/.espressif/tools/xtensa-esp32-elf/1.22.0-80-g6c4433a-5.2.0/xtensa-esp32-elf/bin/../lib/gcc/xtensa-esp32-elf/5.2.0/../../../../xtensa-esp32-elf/bin/ld: warning: cannot find entry symbol _start; defaulting to 0000000000400074



Parsed C implicit include dir info from above output: rv=done
  found start of include info
  found start of implicit include info
    add: [/Users/drewandre/.espressif/tools/xtensa-esp32-elf/1.22.0-80-g6c4433a-5.2.0/xtensa-esp32-elf/bin/../lib/gcc/xtensa-esp32-elf/5.2.0/include]
    add: [/Users/drewandre/.espressif/tools/xtensa-esp32-elf/1.22.0-80-g6c4433a-5.2.0/xtensa-esp32-elf/bin/../lib/gcc/xtensa-esp32-elf/5.2.0/include-fixed]
    add: [/Users/drewandre/.espressif/tools/xtensa-esp32-elf/1.22.0-80-g6c4433a-5.2.0/xtensa-esp32-elf/bin/../lib/gcc/xtensa-esp32-elf/5.2.0/../../../../xtensa-esp32-elf/include]
    add: [/Users/drewandre/.espressif/tools/xtensa-esp32-elf/1.22.0-80-g6c4433a-5.2.0/xtensa-esp32-elf/bin/../xtensa-esp32-elf/sysroot/usr/include]
  end of search list found
  collapse include dir [/Users/drewandre/.espressif/tools/xtensa-esp32-elf/1.22.0-80-g6c4433a-5.2.0/xtensa-esp32-elf/bin/../lib/gcc/xtensa-esp32-elf/5.2.0/include] ==> [/Users/drewandre/.espressif/tools/xtensa-esp32-elf/1.22.0-80-g6c4433a-5.2.0/xtensa-esp32-elf/lib/gcc/xtensa-esp32-elf/5.2.0/include]
  collapse include dir [/Users/drewandre/.espressif/tools/xtensa-esp32-elf/1.22.0-80-g6c4433a-5.2.0/xtensa-esp32-elf/bin/../lib/gcc/xtensa-esp32-elf/5.2.0/include-fixed] ==> [/Users/drewandre/.espressif/tools/xtensa-esp32-elf/1.22.0-80-g6c4433a-5.2.0/xtensa-esp32-elf/lib/gcc/xtensa-esp32-elf/5.2.0/include-fixed]
  collapse include dir [/Users/drewandre/.espressif/tools/xtensa-esp32-elf/1.22.0-80-g6c4433a-5.2.0/xtensa-esp32-elf/bin/../lib/gcc/xtensa-esp32-elf/5.2.0/../../../../xtensa-esp32-elf/include] ==> [/Users/drewandre/.espressif/tools/xtensa-esp32-elf/1.22.0-80-g6c4433a-5.2.0/xtensa-esp32-elf/xtensa-esp32-elf/include]
  collapse include dir [/Users/drewandre/.espressif/tools/xtensa-esp32-elf/1.22.0-80-g6c4433a-5.2.0/xtensa-esp32-elf/bin/../xtensa-esp32-elf/sysroot/usr/include] ==> [/Users/drewandre/.espressif/tools/xtensa-esp32-elf/1.22.0-80-g6c4433a-5.2.0/xtensa-esp32-elf/xtensa-esp32-elf/sysroot/usr/include]
  implicit include dirs: [/Users/drewandre/.espressif/tools/xtensa-esp32-elf/1.22.0-80-g6c4433a-5.2.0/xtensa-esp32-elf/lib/gcc/xtensa-esp32-elf/5.2.0/include;/Users/drewandre/.espressif/tools/xtensa-esp32-elf/1.22.0-80-g6c4433a-5.2.0/xtensa-esp32-elf/lib/gcc/xtensa-esp32-elf/5.2.0/include-fixed;/Users/drewandre/.espressif/tools/xtensa-esp32-elf/1.22.0-80-g6c4433a-5.2.0/xtensa-esp32-elf/xtensa-esp32-elf/include;/Users/drewandre/.espressif/tools/xtensa-esp32-elf/1.22.0-80-g6c4433a-5.2.0/xtensa-esp32-elf/xtensa-esp32-elf/sysroot/usr/include]


Parsed C implicit link information from above output:
  link line regex: [^( *|.*[/\])(xtensa-esp32-elf-ld|CMAKE_LINK_STARTFILE-NOTFOUND|([^/\]+-)?ld|collect2)[^/\]*( |$)]
  ignore line: [Change Dir: /Users/drewandre/esp/palette_firmware_esp32/build/CMakeFiles/CMakeTmp]
  ignore line: []
  ignore line: [Run Build Command(s):/usr/local/bin/ninja cmTC_aeb20 && [1/2] Building C object CMakeFiles/cmTC_aeb20.dir/CMakeCCompilerABI.c.obj]
  ignore line: [Using built-in specs.]
  ignore line: [COLLECT_GCC=/Users/drewandre/.espressif/tools/xtensa-esp32-elf/1.22.0-80-g6c4433a-5.2.0/xtensa-esp32-elf/bin/xtensa-esp32-elf-gcc]
  ignore line: [Target: xtensa-esp32-elf]
  ignore line: [Configured with: /Volumes/build/idf/crosstool-NG/.build/src/gcc-5.2.0/configure --build=x86_64-build_apple-darwin16.3.0 --host=x86_64-build_apple-darwin16.3.0 --target=xtensa-esp32-elf --prefix=/Volumes/build/idf/crosstool-NG/builds/xtensa-esp32-elf --with-local-prefix=/Volumes/build/idf/crosstool-NG/builds/xtensa-esp32-elf/xtensa-esp32-elf/sysroot --with-sysroot=/Volumes/build/idf/crosstool-NG/builds/xtensa-esp32-elf/xtensa-esp32-elf/sysroot --with-newlib --enable-threads=no --disable-shared --with-pkgversion='crosstool-NG crosstool-ng-1.22.0-80-g6c4433a' --disable-__cxa_atexit --enable-cxx-flags='-fno-rtti -ffunction-sections' --with-gmp=/Volumes/build/idf/crosstool-NG/.build/xtensa-esp32-elf/buildtools --with-mpfr=/Volumes/build/idf/crosstool-NG/.build/xtensa-esp32-elf/buildtools --with-mpc=/Volumes/build/idf/crosstool-NG/.build/xtensa-esp32-elf/buildtools --with-isl=/Volumes/build/idf/crosstool-NG/.build/xtensa-esp32-elf/buildtools --with-cloog=/Volumes/build/idf/crosstool-NG/.build/xtensa-esp32-elf/buildtools --with-libelf=/Volumes/build/idf/crosstool-NG/.build/xtensa-esp32-elf/buildtools --enable-lto --enable-target-optspace --without-long-double-128 --disable-libgomp --disable-libmudflap --disable-libssp --disable-libquadmath --disable-libquadmath-support --disable-nls --enable-languages=c c++ --disable-libstdcxx-verbose --enable-threads=posix --enable-gcov-custom-rtio]
  ignore line: [Thread model: posix]
  ignore line: [gcc version 5.2.0 (crosstool-NG crosstool-ng-1.22.0-80-g6c4433a) ]
  ignore line: [COLLECT_GCC_OPTIONS='-mlongcalls' '-v' '-o' 'CMakeFiles/cmTC_aeb20.dir/CMakeCCompilerABI.c.obj' '-c']
  ignore line: [ /Users/drewandre/.espressif/tools/xtensa-esp32-elf/1.22.0-80-g6c4433a-5.2.0/xtensa-esp32-elf/bin/../libexec/gcc/xtensa-esp32-elf/5.2.0/cc1 -quiet -v -iprefix /Users/drewandre/.espressif/tools/xtensa-esp32-elf/1.22.0-80-g6c4433a-5.2.0/xtensa-esp32-elf/bin/../lib/gcc/xtensa-esp32-elf/5.2.0/ -isysroot /Users/drewandre/.espressif/tools/xtensa-esp32-elf/1.22.0-80-g6c4433a-5.2.0/xtensa-esp32-elf/bin/../xtensa-esp32-elf/sysroot /usr/local/Cellar/cmake/3.16.4/share/cmake/Modules/CMakeCCompilerABI.c -quiet -dumpbase CMakeCCompilerABI.c -mlongcalls -auxbase-strip CMakeFiles/cmTC_aeb20.dir/CMakeCCompilerABI.c.obj -version -o /var/folders/g_/r1b4hjk107d4jr44k2snxmjm0000gn/T//ccgj7son.s]
  ignore line: [GNU C11 (crosstool-NG crosstool-ng-1.22.0-80-g6c4433a) version 5.2.0 (xtensa-esp32-elf)]
  ignore line: [	compiled by GNU C version 4.2.1 Compatible Apple LLVM 8.0.0 (clang-800.0.42.1)  GMP version 6.0.0  MPFR version 3.1.3  MPC version 1.0.3]
  ignore line: [GGC heuristics: --param ggc-min-expand=100 --param ggc-min-heapsize=131072]
  ignore line: [ignoring duplicate directory "/Users/drewandre/.espressif/tools/xtensa-esp32-elf/1.22.0-80-g6c4433a-5.2.0/xtensa-esp32-elf/bin/../lib/gcc/../../lib/gcc/xtensa-esp32-elf/5.2.0/include"]
  ignore line: [ignoring nonexistent directory "/Users/drewandre/.espressif/tools/xtensa-esp32-elf/1.22.0-80-g6c4433a-5.2.0/xtensa-esp32-elf/bin/../xtensa-esp32-elf/sysroot/Volumes/build/idf/crosstool-NG/builds/xtensa-esp32-elf/xtensa-esp32-elf/sysroot/include"]
  ignore line: [ignoring duplicate directory "/Users/drewandre/.espressif/tools/xtensa-esp32-elf/1.22.0-80-g6c4433a-5.2.0/xtensa-esp32-elf/bin/../lib/gcc/../../lib/gcc/xtensa-esp32-elf/5.2.0/include-fixed"]
  ignore line: [ignoring duplicate directory "/Users/drewandre/.espressif/tools/xtensa-esp32-elf/1.22.0-80-g6c4433a-5.2.0/xtensa-esp32-elf/bin/../lib/gcc/../../lib/gcc/xtensa-esp32-elf/5.2.0/../../../../xtensa-esp32-elf/include"]
  ignore line: [#include "..." search starts here:]
  ignore line: [#include <...> search starts here:]
  ignore line: [ /Users/drewandre/.espressif/tools/xtensa-esp32-elf/1.22.0-80-g6c4433a-5.2.0/xtensa-esp32-elf/bin/../lib/gcc/xtensa-esp32-elf/5.2.0/include]
  ignore line: [ /Users/drewandre/.espressif/tools/xtensa-esp32-elf/1.22.0-80-g6c4433a-5.2.0/xtensa-esp32-elf/bin/../lib/gcc/xtensa-esp32-elf/5.2.0/include-fixed]
  ignore line: [ /Users/drewandre/.espressif/tools/xtensa-esp32-elf/1.22.0-80-g6c4433a-5.2.0/xtensa-esp32-elf/bin/../lib/gcc/xtensa-esp32-elf/5.2.0/../../../../xtensa-esp32-elf/include]
  ignore line: [ /Users/drewandre/.espressif/tools/xtensa-esp32-elf/1.22.0-80-g6c4433a-5.2.0/xtensa-esp32-elf/bin/../xtensa-esp32-elf/sysroot/usr/include]
  ignore line: [End of search list.]
  ignore line: [GNU C11 (crosstool-NG crosstool-ng-1.22.0-80-g6c4433a) version 5.2.0 (xtensa-esp32-elf)]
  ignore line: [	compiled by GNU C version 4.2.1 Compatible Apple LLVM 8.0.0 (clang-800.0.42.1)  GMP version 6.0.0  MPFR version 3.1.3  MPC version 1.0.3]
  ignore line: [GGC heuristics: --param ggc-min-expand=100 --param ggc-min-heapsize=131072]
  ignore line: [Compiler executable checksum: 1835ba18f6c9b801c7b2d9636a84df7a]
  ignore line: [COLLECT_GCC_OPTIONS='-mlongcalls' '-v' '-o' 'CMakeFiles/cmTC_aeb20.dir/CMakeCCompilerABI.c.obj' '-c']
  ignore line: [ /Users/drewandre/.espressif/tools/xtensa-esp32-elf/1.22.0-80-g6c4433a-5.2.0/xtensa-esp32-elf/bin/../lib/gcc/xtensa-esp32-elf/5.2.0/../../../../xtensa-esp32-elf/bin/as --traditional-format --longcalls -o CMakeFiles/cmTC_aeb20.dir/CMakeCCompilerABI.c.obj /var/folders/g_/r1b4hjk107d4jr44k2snxmjm0000gn/T//ccgj7son.s]
  ignore line: [COMPILER_PATH=/Users/drewandre/.espressif/tools/xtensa-esp32-elf/1.22.0-80-g6c4433a-5.2.0/xtensa-esp32-elf/bin/../libexec/gcc/xtensa-esp32-elf/5.2.0/:/Users/drewandre/.espressif/tools/xtensa-esp32-elf/1.22.0-80-g6c4433a-5.2.0/xtensa-esp32-elf/bin/../libexec/gcc/:/Users/drewandre/.espressif/tools/xtensa-esp32-elf/1.22.0-80-g6c4433a-5.2.0/xtensa-esp32-elf/bin/../lib/gcc/xtensa-esp32-elf/5.2.0/../../../../xtensa-esp32-elf/bin/]
  ignore line: [LIBRARY_PATH=/Users/drewandre/.espressif/tools/xtensa-esp32-elf/1.22.0-80-g6c4433a-5.2.0/xtensa-esp32-elf/bin/../lib/gcc/xtensa-esp32-elf/5.2.0/:/Users/drewandre/.espressif/tools/xtensa-esp32-elf/1.22.0-80-g6c4433a-5.2.0/xtensa-esp32-elf/bin/../lib/gcc/:/Users/drewandre/.espressif/tools/xtensa-esp32-elf/1.22.0-80-g6c4433a-5.2.0/xtensa-esp32-elf/bin/../lib/gcc/xtensa-esp32-elf/5.2.0/../../../../xtensa-esp32-elf/lib/:/Users/drewandre/.espressif/tools/xtensa-esp32-elf/1.22.0-80-g6c4433a-5.2.0/xtensa-esp32-elf/bin/../xtensa-esp32-elf/sysroot/lib/:/Users/drewandre/.espressif/tools/xtensa-esp32-elf/1.22.0-80-g6c4433a-5.2.0/xtensa-esp32-elf/bin/../xtensa-esp32-elf/sysroot/usr/lib/]
  ignore line: [COLLECT_GCC_OPTIONS='-mlongcalls' '-v' '-o' 'CMakeFiles/cmTC_aeb20.dir/CMakeCCompilerABI.c.obj' '-c']
  ignore line: [[2/2] Linking C executable cmTC_aeb20]
  ignore line: [Using built-in specs.]
  ignore line: [COLLECT_GCC=/Users/drewandre/.espressif/tools/xtensa-esp32-elf/1.22.0-80-g6c4433a-5.2.0/xtensa-esp32-elf/bin/xtensa-esp32-elf-gcc]
  ignore line: [COLLECT_LTO_WRAPPER=/Users/drewandre/.espressif/tools/xtensa-esp32-elf/1.22.0-80-g6c4433a-5.2.0/xtensa-esp32-elf/bin/../libexec/gcc/xtensa-esp32-elf/5.2.0/lto-wrapper]
  ignore line: [Target: xtensa-esp32-elf]
  ignore line: [Configured with: /Volumes/build/idf/crosstool-NG/.build/src/gcc-5.2.0/configure --build=x86_64-build_apple-darwin16.3.0 --host=x86_64-build_apple-darwin16.3.0 --target=xtensa-esp32-elf --prefix=/Volumes/build/idf/crosstool-NG/builds/xtensa-esp32-elf --with-local-prefix=/Volumes/build/idf/crosstool-NG/builds/xtensa-esp32-elf/xtensa-esp32-elf/sysroot --with-sysroot=/Volumes/build/idf/crosstool-NG/builds/xtensa-esp32-elf/xtensa-esp32-elf/sysroot --with-newlib --enable-threads=no --disable-shared --with-pkgversion='crosstool-NG crosstool-ng-1.22.0-80-g6c4433a' --disable-__cxa_atexit --enable-cxx-flags='-fno-rtti -ffunction-sections' --with-gmp=/Volumes/build/idf/crosstool-NG/.build/xtensa-esp32-elf/buildtools --with-mpfr=/Volumes/build/idf/crosstool-NG/.build/xtensa-esp32-elf/buildtools --with-mpc=/Volumes/build/idf/crosstool-NG/.build/xtensa-esp32-elf/buildtools --with-isl=/Volumes/build/idf/crosstool-NG/.build/xtensa-esp32-elf/buildtools --with-cloog=/Volumes/build/idf/crosstool-NG/.build/xtensa-esp32-elf/buildtools --with-libelf=/Volumes/build/idf/crosstool-NG/.build/xtensa-esp32-elf/buildtools --enable-lto --enable-target-optspace --without-long-double-128 --disable-libgomp --disable-libmudflap --disable-libssp --disable-libquadmath --disable-libquadmath-support --disable-nls --enable-languages=c c++ --disable-libstdcxx-verbose --enable-threads=posix --enable-gcov-custom-rtio]
  ignore line: [Thread model: posix]
  ignore line: [gcc version 5.2.0 (crosstool-NG crosstool-ng-1.22.0-80-g6c4433a) ]
  ignore line: [COMPILER_PATH=/Users/drewandre/.espressif/tools/xtensa-esp32-elf/1.22.0-80-g6c4433a-5.2.0/xtensa-esp32-elf/bin/../libexec/gcc/xtensa-esp32-elf/5.2.0/:/Users/drewandre/.espressif/tools/xtensa-esp32-elf/1.22.0-80-g6c4433a-5.2.0/xtensa-esp32-elf/bin/../libexec/gcc/:/Users/drewandre/.espressif/tools/xtensa-esp32-elf/1.22.0-80-g6c4433a-5.2.0/xtensa-esp32-elf/bin/../lib/gcc/xtensa-esp32-elf/5.2.0/../../../../xtensa-esp32-elf/bin/]
  ignore line: [LIBRARY_PATH=/Users/drewandre/.espressif/tools/xtensa-esp32-elf/1.22.0-80-g6c4433a-5.2.0/xtensa-esp32-elf/bin/../lib/gcc/xtensa-esp32-elf/5.2.0/:/Users/drewandre/.espressif/tools/xtensa-esp32-elf/1.22.0-80-g6c4433a-5.2.0/xtensa-esp32-elf/bin/../lib/gcc/:/Users/drewandre/.espressif/tools/xtensa-esp32-elf/1.22.0-80-g6c4433a-5.2.0/xtensa-esp32-elf/bin/../lib/gcc/xtensa-esp32-elf/5.2.0/../../../../xtensa-esp32-elf/lib/:/Users/drewandre/.espressif/tools/xtensa-esp32-elf/1.22.0-80-g6c4433a-5.2.0/xtensa-esp32-elf/bin/../xtensa-esp32-elf/sysroot/lib/:/Users/drewandre/.espressif/tools/xtensa-esp32-elf/1.22.0-80-g6c4433a-5.2.0/xtensa-esp32-elf/bin/../xtensa-esp32-elf/sysroot/usr/lib/]
  ignore line: [COLLECT_GCC_OPTIONS='-mlongcalls' '-nostdlib' '-v' '-o' 'cmTC_aeb20']
  link line: [ /Users/drewandre/.espressif/tools/xtensa-esp32-elf/1.22.0-80-g6c4433a-5.2.0/xtensa-esp32-elf/bin/../libexec/gcc/xtensa-esp32-elf/5.2.0/collect2 -plugin /Users/drewandre/.espressif/tools/xtensa-esp32-elf/1.22.0-80-g6c4433a-5.2.0/xtensa-esp32-elf/bin/../libexec/gcc/xtensa-esp32-elf/5.2.0/liblto_plugin.so -plugin-opt=/Users/drewandre/.espressif/tools/xtensa-esp32-elf/1.22.0-80-g6c4433a-5.2.0/xtensa-esp32-elf/bin/../libexec/gcc/xtensa-esp32-elf/5.2.0/lto-wrapper -plugin-opt=-fresolution=/var/folders/g_/r1b4hjk107d4jr44k2snxmjm0000gn/T//ccEdroF5.res --sysroot=/Users/drewandre/.espressif/tools/xtensa-esp32-elf/1.22.0-80-g6c4433a-5.2.0/xtensa-esp32-elf/bin/../xtensa-esp32-elf/sysroot -o cmTC_aeb20 -L/Users/drewandre/.espressif/tools/xtensa-esp32-elf/1.22.0-80-g6c4433a-5.2.0/xtensa-esp32-elf/bin/../lib/gcc/xtensa-esp32-elf/5.2.0 -L/Users/drewandre/.espressif/tools/xtensa-esp32-elf/1.22.0-80-g6c4433a-5.2.0/xtensa-esp32-elf/bin/../lib/gcc -L/Users/drewandre/.espressif/tools/xtensa-esp32-elf/1.22.0-80-g6c4433a-5.2.0/xtensa-esp32-elf/bin/../lib/gcc/xtensa-esp32-elf/5.2.0/../../../../xtensa-esp32-elf/lib -L/Users/drewandre/.espressif/tools/xtensa-esp32-elf/1.22.0-80-g6c4433a-5.2.0/xtensa-esp32-elf/bin/../xtensa-esp32-elf/sysroot/lib -L/Users/drewandre/.espressif/tools/xtensa-esp32-elf/1.22.0-80-g6c4433a-5.2.0/xtensa-esp32-elf/bin/../xtensa-esp32-elf/sysroot/usr/lib CMakeFiles/cmTC_aeb20.dir/CMakeCCompilerABI.c.obj]
    arg [/Users/drewandre/.espressif/tools/xtensa-esp32-elf/1.22.0-80-g6c4433a-5.2.0/xtensa-esp32-elf/bin/../libexec/gcc/xtensa-esp32-elf/5.2.0/collect2] ==> ignore
    arg [-plugin] ==> ignore
    arg [/Users/drewandre/.espressif/tools/xtensa-esp32-elf/1.22.0-80-g6c4433a-5.2.0/xtensa-esp32-elf/bin/../libexec/gcc/xtensa-esp32-elf/5.2.0/liblto_plugin.so] ==> ignore
    arg [-plugin-opt=/Users/drewandre/.espressif/tools/xtensa-esp32-elf/1.22.0-80-g6c4433a-5.2.0/xtensa-esp32-elf/bin/../libexec/gcc/xtensa-esp32-elf/5.2.0/lto-wrapper] ==> ignore
    arg [-plugin-opt=-fresolution=/var/folders/g_/r1b4hjk107d4jr44k2snxmjm0000gn/T//ccEdroF5.res] ==> ignore
    arg [--sysroot=/Users/drewandre/.espressif/tools/xtensa-esp32-elf/1.22.0-80-g6c4433a-5.2.0/xtensa-esp32-elf/bin/../xtensa-esp32-elf/sysroot] ==> ignore
    arg [-o] ==> ignore
    arg [cmTC_aeb20] ==> ignore
    arg [-L/Users/drewandre/.espressif/tools/xtensa-esp32-elf/1.22.0-80-g6c4433a-5.2.0/xtensa-esp32-elf/bin/../lib/gcc/xtensa-esp32-elf/5.2.0] ==> dir [/Users/drewandre/.espressif/tools/xtensa-esp32-elf/1.22.0-80-g6c4433a-5.2.0/xtensa-esp32-elf/bin/../lib/gcc/xtensa-esp32-elf/5.2.0]
    arg [-L/Users/drewandre/.espressif/tools/xtensa-esp32-elf/1.22.0-80-g6c4433a-5.2.0/xtensa-esp32-elf/bin/../lib/gcc] ==> dir [/Users/drewandre/.espressif/tools/xtensa-esp32-elf/1.22.0-80-g6c4433a-5.2.0/xtensa-esp32-elf/bin/../lib/gcc]
    arg [-L/Users/drewandre/.espressif/tools/xtensa-esp32-elf/1.22.0-80-g6c4433a-5.2.0/xtensa-esp32-elf/bin/../lib/gcc/xtensa-esp32-elf/5.2.0/../../../../xtensa-esp32-elf/lib] ==> dir [/Users/drewandre/.espressif/tools/xtensa-esp32-elf/1.22.0-80-g6c4433a-5.2.0/xtensa-esp32-elf/bin/../lib/gcc/xtensa-esp32-elf/5.2.0/../../../../xtensa-esp32-elf/lib]
    arg [-L/Users/drewandre/.espressif/tools/xtensa-esp32-elf/1.22.0-80-g6c4433a-5.2.0/xtensa-esp32-elf/bin/../xtensa-esp32-elf/sysroot/lib] ==> dir [/Users/drewandre/.espressif/tools/xtensa-esp32-elf/1.22.0-80-g6c4433a-5.2.0/xtensa-esp32-elf/bin/../xtensa-esp32-elf/sysroot/lib]
    arg [-L/Users/drewandre/.espressif/tools/xtensa-esp32-elf/1.22.0-80-g6c4433a-5.2.0/xtensa-esp32-elf/bin/../xtensa-esp32-elf/sysroot/usr/lib] ==> dir [/Users/drewandre/.espressif/tools/xtensa-esp32-elf/1.22.0-80-g6c4433a-5.2.0/xtensa-esp32-elf/bin/../xtensa-esp32-elf/sysroot/usr/lib]
    arg [CMakeFiles/cmTC_aeb20.dir/CMakeCCompilerABI.c.obj] ==> ignore
  collapse library dir [/Users/drewandre/.espressif/tools/xtensa-esp32-elf/1.22.0-80-g6c4433a-5.2.0/xtensa-esp32-elf/bin/../lib/gcc/xtensa-esp32-elf/5.2.0] ==> [/Users/drewandre/.espressif/tools/xtensa-esp32-elf/1.22.0-80-g6c4433a-5.2.0/xtensa-esp32-elf/lib/gcc/xtensa-esp32-elf/5.2.0]
  collapse library dir [/Users/drewandre/.espressif/tools/xtensa-esp32-elf/1.22.0-80-g6c4433a-5.2.0/xtensa-esp32-elf/bin/../lib/gcc] ==> [/Users/drewandre/.espressif/tools/xtensa-esp32-elf/1.22.0-80-g6c4433a-5.2.0/xtensa-esp32-elf/lib/gcc]
  collapse library dir [/Users/drewandre/.espressif/tools/xtensa-esp32-elf/1.22.0-80-g6c4433a-5.2.0/xtensa-esp32-elf/bin/../lib/gcc/xtensa-esp32-elf/5.2.0/../../../../xtensa-esp32-elf/lib] ==> [/Users/drewandre/.espressif/tools/xtensa-esp32-elf/1.22.0-80-g6c4433a-5.2.0/xtensa-esp32-elf/xtensa-esp32-elf/lib]
  collapse library dir [/Users/drewandre/.espressif/tools/xtensa-esp32-elf/1.22.0-80-g6c4433a-5.2.0/xtensa-esp32-elf/bin/../xtensa-esp32-elf/sysroot/lib] ==> [/Users/drewandre/.espressif/tools/xtensa-esp32-elf/1.22.0-80-g6c4433a-5.2.0/xtensa-esp32-elf/xtensa-esp32-elf/sysroot/lib]
  collapse library dir [/Users/drewandre/.espressif/tools/xtensa-esp32-elf/1.22.0-80-g6c4433a-5.2.0/xtensa-esp32-elf/bin/../xtensa-esp32-elf/sysroot/usr/lib] ==> [/Users/drewandre/.espressif/tools/xtensa-esp32-elf/1.22.0-80-g6c4433a-5.2.0/xtensa-esp32-elf/xtensa-esp32-elf/sysroot/usr/lib]
  implicit libs: []
  implicit dirs: [/Users/drewandre/.espressif/tools/xtensa-esp32-elf/1.22.0-80-g6c4433a-5.2.0/xtensa-esp32-elf/lib/gcc/xtensa-esp32-elf/5.2.0;/Users/drewandre/.espressif/tools/xtensa-esp32-elf/1.22.0-80-g6c4433a-5.2.0/xtensa-esp32-elf/lib/gcc;/Users/drewandre/.espressif/tools/xtensa-esp32-elf/1.22.0-80-g6c4433a-5.2.0/xtensa-esp32-elf/xtensa-esp32-elf/lib;/Users/drewandre/.espressif/tools/xtensa-esp32-elf/1.22.0-80-g6c4433a-5.2.0/xtensa-esp32-elf/xtensa-esp32-elf/sysroot/lib;/Users/drewandre/.espressif/tools/xtensa-esp32-elf/1.22.0-80-g6c4433a-5.2.0/xtensa-esp32-elf/xtensa-esp32-elf/sysroot/usr/lib]
  implicit fwks: []


Determining if the CXX compiler works passed with the following output:
Change Dir: /Users/drewandre/esp/palette_firmware_esp32/build/CMakeFiles/CMakeTmp

Run Build Command(s):/usr/local/bin/ninja cmTC_25010 && [1/2] Building CXX object CMakeFiles/cmTC_25010.dir/testCXXCompiler.cxx.obj
[2/2] Linking CXX executable cmTC_25010
/Users/drewandre/.espressif/tools/xtensa-esp32-elf/1.22.0-80-g6c4433a-5.2.0/xtensa-esp32-elf/bin/../lib/gcc/xtensa-esp32-elf/5.2.0/../../../../xtensa-esp32-elf/bin/ld: warning: cannot find entry symbol _start; defaulting to 0000000000400054



Detecting CXX compiler ABI info compiled with the following output:
Change Dir: /Users/drewandre/esp/palette_firmware_esp32/build/CMakeFiles/CMakeTmp

Run Build Command(s):/usr/local/bin/ninja cmTC_c13c0 && [1/2] Building CXX object CMakeFiles/cmTC_c13c0.dir/CMakeCXXCompilerABI.cpp.obj
Using built-in specs.
COLLECT_GCC=/Users/drewandre/.espressif/tools/xtensa-esp32-elf/1.22.0-80-g6c4433a-5.2.0/xtensa-esp32-elf/bin/xtensa-esp32-elf-g++
Target: xtensa-esp32-elf
Configured with: /Volumes/build/idf/crosstool-NG/.build/src/gcc-5.2.0/configure --build=x86_64-build_apple-darwin16.3.0 --host=x86_64-build_apple-darwin16.3.0 --target=xtensa-esp32-elf --prefix=/Volumes/build/idf/crosstool-NG/builds/xtensa-esp32-elf --with-local-prefix=/Volumes/build/idf/crosstool-NG/builds/xtensa-esp32-elf/xtensa-esp32-elf/sysroot --with-sysroot=/Volumes/build/idf/crosstool-NG/builds/xtensa-esp32-elf/xtensa-esp32-elf/sysroot --with-newlib --enable-threads=no --disable-shared --with-pkgversion='crosstool-NG crosstool-ng-1.22.0-80-g6c4433a' --disable-__cxa_atexit --enable-cxx-flags='-fno-rtti -ffunction-sections' --with-gmp=/Volumes/build/idf/crosstool-NG/.build/xtensa-esp32-elf/buildtools --with-mpfr=/Volumes/build/idf/crosstool-NG/.build/xtensa-esp32-elf/buildtools --with-mpc=/Volumes/build/idf/crosstool-NG/.build/xtensa-esp32-elf/buildtools --with-isl=/Volumes/build/idf/crosstool-NG/.build/xtensa-esp32-elf/buildtools --with-cloog=/Volumes/build/idf/crosstool-NG/.build/xtensa-esp32-elf/buildtools --with-libelf=/Volumes/build/idf/crosstool-NG/.build/xtensa-esp32-elf/buildtools --enable-lto --enable-target-optspace --without-long-double-128 --disable-libgomp --disable-libmudflap --disable-libssp --disable-libquadmath --disable-libquadmath-support --disable-nls --enable-languages=c,c++ --disable-libstdcxx-verbose --enable-threads=posix --enable-gcov-custom-rtio
Thread model: posix
gcc version 5.2.0 (crosstool-NG crosstool-ng-1.22.0-80-g6c4433a) 
COLLECT_GCC_OPTIONS='-mlongcalls' '-v' '-o' 'CMakeFiles/cmTC_c13c0.dir/CMakeCXXCompilerABI.cpp.obj' '-c'
 /Users/drewandre/.espressif/tools/xtensa-esp32-elf/1.22.0-80-g6c4433a-5.2.0/xtensa-esp32-elf/bin/../libexec/gcc/xtensa-esp32-elf/5.2.0/cc1plus -quiet -v -iprefix /Users/drewandre/.espressif/tools/xtensa-esp32-elf/1.22.0-80-g6c4433a-5.2.0/xtensa-esp32-elf/bin/../lib/gcc/xtensa-esp32-elf/5.2.0/ -isysroot /Users/drewandre/.espressif/tools/xtensa-esp32-elf/1.22.0-80-g6c4433a-5.2.0/xtensa-esp32-elf/bin/../xtensa-esp32-elf/sysroot /usr/local/Cellar/cmake/3.16.4/share/cmake/Modules/CMakeCXXCompilerABI.cpp -quiet -dumpbase CMakeCXXCompilerABI.cpp -mlongcalls -auxbase-strip CMakeFiles/cmTC_c13c0.dir/CMakeCXXCompilerABI.cpp.obj -version -o /var/folders/g_/r1b4hjk107d4jr44k2snxmjm0000gn/T//ccjbrp6N.s
GNU C++ (crosstool-NG crosstool-ng-1.22.0-80-g6c4433a) version 5.2.0 (xtensa-esp32-elf)
	compiled by GNU C version 4.2.1 Compatible Apple LLVM 8.0.0 (clang-800.0.42.1), GMP version 6.0.0, MPFR version 3.1.3, MPC version 1.0.3
GGC heuristics: --param ggc-min-expand=100 --param ggc-min-heapsize=131072
ignoring duplicate directory "/Users/drewandre/.espressif/tools/xtensa-esp32-elf/1.22.0-80-g6c4433a-5.2.0/xtensa-esp32-elf/bin/../lib/gcc/../../lib/gcc/xtensa-esp32-elf/5.2.0/../../../../xtensa-esp32-elf/include/c++/5.2.0"
ignoring duplicate directory "/Users/drewandre/.espressif/tools/xtensa-esp32-elf/1.22.0-80-g6c4433a-5.2.0/xtensa-esp32-elf/bin/../lib/gcc/../../lib/gcc/xtensa-esp32-elf/5.2.0/../../../../xtensa-esp32-elf/include/c++/5.2.0/xtensa-esp32-elf"
ignoring duplicate directory "/Users/drewandre/.espressif/tools/xtensa-esp32-elf/1.22.0-80-g6c4433a-5.2.0/xtensa-esp32-elf/bin/../lib/gcc/../../lib/gcc/xtensa-esp32-elf/5.2.0/../../../../xtensa-esp32-elf/include/c++/5.2.0/backward"
ignoring duplicate directory "/Users/drewandre/.espressif/tools/xtensa-esp32-elf/1.22.0-80-g6c4433a-5.2.0/xtensa-esp32-elf/bin/../lib/gcc/../../lib/gcc/xtensa-esp32-elf/5.2.0/include"
ignoring nonexistent directory "/Users/drewandre/.espressif/tools/xtensa-esp32-elf/1.22.0-80-g6c4433a-5.2.0/xtensa-esp32-elf/bin/../xtensa-esp32-elf/sysroot/Volumes/build/idf/crosstool-NG/builds/xtensa-esp32-elf/xtensa-esp32-elf/sysroot/include"
ignoring duplicate directory "/Users/drewandre/.espressif/tools/xtensa-esp32-elf/1.22.0-80-g6c4433a-5.2.0/xtensa-esp32-elf/bin/../lib/gcc/../../lib/gcc/xtensa-esp32-elf/5.2.0/include-fixed"
ignoring duplicate directory "/Users/drewandre/.espressif/tools/xtensa-esp32-elf/1.22.0-80-g6c4433a-5.2.0/xtensa-esp32-elf/bin/../lib/gcc/../../lib/gcc/xtensa-esp32-elf/5.2.0/../../../../xtensa-esp32-elf/include"
#include "..." search starts here:
#include <...> search starts here:
 /Users/drewandre/.espressif/tools/xtensa-esp32-elf/1.22.0-80-g6c4433a-5.2.0/xtensa-esp32-elf/bin/../lib/gcc/xtensa-esp32-elf/5.2.0/../../../../xtensa-esp32-elf/include/c++/5.2.0
 /Users/drewandre/.espressif/tools/xtensa-esp32-elf/1.22.0-80-g6c4433a-5.2.0/xtensa-esp32-elf/bin/../lib/gcc/xtensa-esp32-elf/5.2.0/../../../../xtensa-esp32-elf/include/c++/5.2.0/xtensa-esp32-elf
 /Users/drewandre/.espressif/tools/xtensa-esp32-elf/1.22.0-80-g6c4433a-5.2.0/xtensa-esp32-elf/bin/../lib/gcc/xtensa-esp32-elf/5.2.0/../../../../xtensa-esp32-elf/include/c++/5.2.0/backward
 /Users/drewandre/.espressif/tools/xtensa-esp32-elf/1.22.0-80-g6c4433a-5.2.0/xtensa-esp32-elf/bin/../lib/gcc/xtensa-esp32-elf/5.2.0/include
 /Users/drewandre/.espressif/tools/xtensa-esp32-elf/1.22.0-80-g6c4433a-5.2.0/xtensa-esp32-elf/bin/../lib/gcc/xtensa-esp32-elf/5.2.0/include-fixed
 /Users/drewandre/.espressif/tools/xtensa-esp32-elf/1.22.0-80-g6c4433a-5.2.0/xtensa-esp32-elf/bin/../lib/gcc/xtensa-esp32-elf/5.2.0/../../../../xtensa-esp32-elf/include
 /Users/drewandre/.espressif/tools/xtensa-esp32-elf/1.22.0-80-g6c4433a-5.2.0/xtensa-esp32-elf/bin/../xtensa-esp32-elf/sysroot/usr/include
End of search list.
GNU C++ (crosstool-NG crosstool-ng-1.22.0-80-g6c4433a) version 5.2.0 (xtensa-esp32-elf)
	compiled by GNU C version 4.2.1 Compatible Apple LLVM 8.0.0 (clang-800.0.42.1), GMP version 6.0.0, MPFR version 3.1.3, MPC version 1.0.3
GGC heuristics: --param ggc-min-expand=100 --param ggc-min-heapsize=131072
Compiler executable checksum: 4b03cf59e62d72d5913a8de967b086bf
COLLECT_GCC_OPTIONS='-mlongcalls' '-v' '-o' 'CMakeFiles/cmTC_c13c0.dir/CMakeCXXCompilerABI.cpp.obj' '-c'
 /Users/drewandre/.espressif/tools/xtensa-esp32-elf/1.22.0-80-g6c4433a-5.2.0/xtensa-esp32-elf/bin/../lib/gcc/xtensa-esp32-elf/5.2.0/../../../../xtensa-esp32-elf/bin/as --traditional-format --longcalls -o CMakeFiles/cmTC_c13c0.dir/CMakeCXXCompilerABI.cpp.obj /var/folders/g_/r1b4hjk107d4jr44k2snxmjm0000gn/T//ccjbrp6N.s
COMPILER_PATH=/Users/drewandre/.espressif/tools/xtensa-esp32-elf/1.22.0-80-g6c4433a-5.2.0/xtensa-esp32-elf/bin/../libexec/gcc/xtensa-esp32-elf/5.2.0/:/Users/drewandre/.espressif/tools/xtensa-esp32-elf/1.22.0-80-g6c4433a-5.2.0/xtensa-esp32-elf/bin/../libexec/gcc/:/Users/drewandre/.espressif/tools/xtensa-esp32-elf/1.22.0-80-g6c4433a-5.2.0/xtensa-esp32-elf/bin/../lib/gcc/xtensa-esp32-elf/5.2.0/../../../../xtensa-esp32-elf/bin/
LIBRARY_PATH=/Users/drewandre/.espressif/tools/xtensa-esp32-elf/1.22.0-80-g6c4433a-5.2.0/xtensa-esp32-elf/bin/../lib/gcc/xtensa-esp32-elf/5.2.0/:/Users/drewandre/.espressif/tools/xtensa-esp32-elf/1.22.0-80-g6c4433a-5.2.0/xtensa-esp32-elf/bin/../lib/gcc/:/Users/drewandre/.espressif/tools/xtensa-esp32-elf/1.22.0-80-g6c4433a-5.2.0/xtensa-esp32-elf/bin/../lib/gcc/xtensa-esp32-elf/5.2.0/../../../../xtensa-esp32-elf/lib/:/Users/drewandre/.espressif/tools/xtensa-esp32-elf/1.22.0-80-g6c4433a-5.2.0/xtensa-esp32-elf/bin/../xtensa-esp32-elf/sysroot/lib/:/Users/drewandre/.espressif/tools/xtensa-esp32-elf/1.22.0-80-g6c4433a-5.2.0/xtensa-esp32-elf/bin/../xtensa-esp32-elf/sysroot/usr/lib/
COLLECT_GCC_OPTIONS='-mlongcalls' '-v' '-o' 'CMakeFiles/cmTC_c13c0.dir/CMakeCXXCompilerABI.cpp.obj' '-c'
[2/2] Linking CXX executable cmTC_c13c0
Using built-in specs.
COLLECT_GCC=/Users/drewandre/.espressif/tools/xtensa-esp32-elf/1.22.0-80-g6c4433a-5.2.0/xtensa-esp32-elf/bin/xtensa-esp32-elf-g++
COLLECT_LTO_WRAPPER=/Users/drewandre/.espressif/tools/xtensa-esp32-elf/1.22.0-80-g6c4433a-5.2.0/xtensa-esp32-elf/bin/../libexec/gcc/xtensa-esp32-elf/5.2.0/lto-wrapper
Target: xtensa-esp32-elf
Configured with: /Volumes/build/idf/crosstool-NG/.build/src/gcc-5.2.0/configure --build=x86_64-build_apple-darwin16.3.0 --host=x86_64-build_apple-darwin16.3.0 --target=xtensa-esp32-elf --prefix=/Volumes/build/idf/crosstool-NG/builds/xtensa-esp32-elf --with-local-prefix=/Volumes/build/idf/crosstool-NG/builds/xtensa-esp32-elf/xtensa-esp32-elf/sysroot --with-sysroot=/Volumes/build/idf/crosstool-NG/builds/xtensa-esp32-elf/xtensa-esp32-elf/sysroot --with-newlib --enable-threads=no --disable-shared --with-pkgversion='crosstool-NG crosstool-ng-1.22.0-80-g6c4433a' --disable-__cxa_atexit --enable-cxx-flags='-fno-rtti -ffunction-sections' --with-gmp=/Volumes/build/idf/crosstool-NG/.build/xtensa-esp32-elf/buildtools --with-mpfr=/Volumes/build/idf/crosstool-NG/.build/xtensa-esp32-elf/buildtools --with-mpc=/Volumes/build/idf/crosstool-NG/.build/xtensa-esp32-elf/buildtools --with-isl=/Volumes/build/idf/crosstool-NG/.build/xtensa-esp32-elf/buildtools --with-cloog=/Volumes/build/idf/crosstool-NG/.build/xtensa-esp32-elf/buildtools --with-libelf=/Volumes/build/idf/crosstool-NG/.build/xtensa-esp32-elf/buildtools --enable-lto --enable-target-optspace --without-long-double-128 --disable-libgomp --disable-libmudflap --disable-libssp --disable-libquadmath --disable-libquadmath-support --disable-nls --enable-languages=c,c++ --disable-libstdcxx-verbose --enable-threads=posix --enable-gcov-custom-rtio
Thread model: posix
gcc version 5.2.0 (crosstool-NG crosstool-ng-1.22.0-80-g6c4433a) 
COMPILER_PATH=/Users/drewandre/.espressif/tools/xtensa-esp32-elf/1.22.0-80-g6c4433a-5.2.0/xtensa-esp32-elf/bin/../libexec/gcc/xtensa-esp32-elf/5.2.0/:/Users/drewandre/.espressif/tools/xtensa-esp32-elf/1.22.0-80-g6c4433a-5.2.0/xtensa-esp32-elf/bin/../libexec/gcc/:/Users/drewandre/.espressif/tools/xtensa-esp32-elf/1.22.0-80-g6c4433a-5.2.0/xtensa-esp32-elf/bin/../lib/gcc/xtensa-esp32-elf/5.2.0/../../../../xtensa-esp32-elf/bin/
LIBRARY_PATH=/Users/drewandre/.espressif/tools/xtensa-esp32-elf/1.22.0-80-g6c4433a-5.2.0/xtensa-esp32-elf/bin/../lib/gcc/xtensa-esp32-elf/5.2.0/:/Users/drewandre/.espressif/tools/xtensa-esp32-elf/1.22.0-80-g6c4433a-5.2.0/xtensa-esp32-elf/bin/../lib/gcc/:/Users/drewandre/.espressif/tools/xtensa-esp32-elf/1.22.0-80-g6c4433a-5.2.0/xtensa-esp32-elf/bin/../lib/gcc/xtensa-esp32-elf/5.2.0/../../../../xtensa-esp32-elf/lib/:/Users/drewandre/.espressif/tools/xtensa-esp32-elf/1.22.0-80-g6c4433a-5.2.0/xtensa-esp32-elf/bin/../xtensa-esp32-elf/sysroot/lib/:/Users/drewandre/.espressif/tools/xtensa-esp32-elf/1.22.0-80-g6c4433a-5.2.0/xtensa-esp32-elf/bin/../xtensa-esp32-elf/sysroot/usr/lib/
COLLECT_GCC_OPTIONS='-mlongcalls' '-nostdlib' '-v' '-o' 'cmTC_c13c0'
 /Users/drewandre/.espressif/tools/xtensa-esp32-elf/1.22.0-80-g6c4433a-5.2.0/xtensa-esp32-elf/bin/../libexec/gcc/xtensa-esp32-elf/5.2.0/collect2 -plugin /Users/drewandre/.espressif/tools/xtensa-esp32-elf/1.22.0-80-g6c4433a-5.2.0/xtensa-esp32-elf/bin/../libexec/gcc/xtensa-esp32-elf/5.2.0/liblto_plugin.so -plugin-opt=/Users/drewandre/.espressif/tools/xtensa-esp32-elf/1.22.0-80-g6c4433a-5.2.0/xtensa-esp32-elf/bin/../libexec/gcc/xtensa-esp32-elf/5.2.0/lto-wrapper -plugin-opt=-fresolution=/var/folders/g_/r1b4hjk107d4jr44k2snxmjm0000gn/T//cckh07Gm.res --sysroot=/Users/drewandre/.espressif/tools/xtensa-esp32-elf/1.22.0-80-g6c4433a-5.2.0/xtensa-esp32-elf/bin/../xtensa-esp32-elf/sysroot -o cmTC_c13c0 -L/Users/drewandre/.espressif/tools/xtensa-esp32-elf/1.22.0-80-g6c4433a-5.2.0/xtensa-esp32-elf/bin/../lib/gcc/xtensa-esp32-elf/5.2.0 -L/Users/drewandre/.espressif/tools/xtensa-esp32-elf/1.22.0-80-g6c4433a-5.2.0/xtensa-esp32-elf/bin/../lib/gcc -L/Users/drewandre/.espressif/tools/xtensa-esp32-elf/1.22.0-80-g6c4433a-5.2.0/xtensa-esp32-elf/bin/../lib/gcc/xtensa-esp32-elf/5.2.0/../../../../xtensa-esp32-elf/lib -L/Users/drewandre/.espressif/tools/xtensa-esp32-elf/1.22.0-80-g6c4433a-5.2.0/xtensa-esp32-elf/bin/../xtensa-esp32-elf/sysroot/lib -L/Users/drewandre/.espressif/tools/xtensa-esp32-elf/1.22.0-80-g6c4433a-5.2.0/xtensa-esp32-elf/bin/../xtensa-esp32-elf/sysroot/usr/lib CMakeFiles/cmTC_c13c0.dir/CMakeCXXCompilerABI.cpp.obj
/Users/drewandre/.espressif/tools/xtensa-esp32-elf/1.22.0-80-g6c4433a-5.2.0/xtensa-esp32-elf/bin/../lib/gcc/xtensa-esp32-elf/5.2.0/../../../../xtensa-esp32-elf/bin/ld: warning: cannot find entry symbol _start; defaulting to 0000000000400074



Parsed CXX implicit include dir info from above output: rv=done
  found start of include info
  found start of implicit include info
    add: [/Users/drewandre/.espressif/tools/xtensa-esp32-elf/1.22.0-80-g6c4433a-5.2.0/xtensa-esp32-elf/bin/../lib/gcc/xtensa-esp32-elf/5.2.0/../../../../xtensa-esp32-elf/include/c++/5.2.0]
    add: [/Users/drewandre/.espressif/tools/xtensa-esp32-elf/1.22.0-80-g6c4433a-5.2.0/xtensa-esp32-elf/bin/../lib/gcc/xtensa-esp32-elf/5.2.0/../../../../xtensa-esp32-elf/include/c++/5.2.0/xtensa-esp32-elf]
    add: [/Users/drewandre/.espressif/tools/xtensa-esp32-elf/1.22.0-80-g6c4433a-5.2.0/xtensa-esp32-elf/bin/../lib/gcc/xtensa-esp32-elf/5.2.0/../../../../xtensa-esp32-elf/include/c++/5.2.0/backward]
    add: [/Users/drewandre/.espressif/tools/xtensa-esp32-elf/1.22.0-80-g6c4433a-5.2.0/xtensa-esp32-elf/bin/../lib/gcc/xtensa-esp32-elf/5.2.0/include]
    add: [/Users/drewandre/.espressif/tools/xtensa-esp32-elf/1.22.0-80-g6c4433a-5.2.0/xtensa-esp32-elf/bin/../lib/gcc/xtensa-esp32-elf/5.2.0/include-fixed]
    add: [/Users/drewandre/.espressif/tools/xtensa-esp32-elf/1.22.0-80-g6c4433a-5.2.0/xtensa-esp32-elf/bin/../lib/gcc/xtensa-esp32-elf/5.2.0/../../../../xtensa-esp32-elf/include]
    add: [/Users/drewandre/.espressif/tools/xtensa-esp32-elf/1.22.0-80-g6c4433a-5.2.0/xtensa-esp32-elf/bin/../xtensa-esp32-elf/sysroot/usr/include]
  end of search list found
  collapse include dir [/Users/drewandre/.espressif/tools/xtensa-esp32-elf/1.22.0-80-g6c4433a-5.2.0/xtensa-esp32-elf/bin/../lib/gcc/xtensa-esp32-elf/5.2.0/../../../../xtensa-esp32-elf/include/c++/5.2.0] ==> [/Users/drewandre/.espressif/tools/xtensa-esp32-elf/1.22.0-80-g6c4433a-5.2.0/xtensa-esp32-elf/xtensa-esp32-elf/include/c++/5.2.0]
  collapse include dir [/Users/drewandre/.espressif/tools/xtensa-esp32-elf/1.22.0-80-g6c4433a-5.2.0/xtensa-esp32-elf/bin/../lib/gcc/xtensa-esp32-elf/5.2.0/../../../../xtensa-esp32-elf/include/c++/5.2.0/xtensa-esp32-elf] ==> [/Users/drewandre/.espressif/tools/xtensa-esp32-elf/1.22.0-80-g6c4433a-5.2.0/xtensa-esp32-elf/xtensa-esp32-elf/include/c++/5.2.0/xtensa-esp32-elf]
  collapse include dir [/Users/drewandre/.espressif/tools/xtensa-esp32-elf/1.22.0-80-g6c4433a-5.2.0/xtensa-esp32-elf/bin/../lib/gcc/xtensa-esp32-elf/5.2.0/../../../../xtensa-esp32-elf/include/c++/5.2.0/backward] ==> [/Users/drewandre/.espressif/tools/xtensa-esp32-elf/1.22.0-80-g6c4433a-5.2.0/xtensa-esp32-elf/xtensa-esp32-elf/include/c++/5.2.0/backward]
  collapse include dir [/Users/drewandre/.espressif/tools/xtensa-esp32-elf/1.22.0-80-g6c4433a-5.2.0/xtensa-esp32-elf/bin/../lib/gcc/xtensa-esp32-elf/5.2.0/include] ==> [/Users/drewandre/.espressif/tools/xtensa-esp32-elf/1.22.0-80-g6c4433a-5.2.0/xtensa-esp32-elf/lib/gcc/xtensa-esp32-elf/5.2.0/include]
  collapse include dir [/Users/drewandre/.espressif/tools/xtensa-esp32-elf/1.22.0-80-g6c4433a-5.2.0/xtensa-esp32-elf/bin/../lib/gcc/xtensa-esp32-elf/5.2.0/include-fixed] ==> [/Users/drewandre/.espressif/tools/xtensa-esp32-elf/1.22.0-80-g6c4433a-5.2.0/xtensa-esp32-elf/lib/gcc/xtensa-esp32-elf/5.2.0/include-fixed]
  collapse include dir [/Users/drewandre/.espressif/tools/xtensa-esp32-elf/1.22.0-80-g6c4433a-5.2.0/xtensa-esp32-elf/bin/../lib/gcc/xtensa-esp32-elf/5.2.0/../../../../xtensa-esp32-elf/include] ==> [/Users/drewandre/.espressif/tools/xtensa-esp32-elf/1.22.0-80-g6c4433a-5.2.0/xtensa-esp32-elf/xtensa-esp32-elf/include]
  collapse include dir [/Users/drewandre/.espressif/tools/xtensa-esp32-elf/1.22.0-80-g6c4433a-5.2.0/xtensa-esp32-elf/bin/../xtensa-esp32-elf/sysroot/usr/include] ==> [/Users/drewandre/.espressif/tools/xtensa-esp32-elf/1.22.0-80-g6c4433a-5.2.0/xtensa-esp32-elf/xtensa-esp32-elf/sysroot/usr/include]
  implicit include dirs: [/Users/drewandre/.espressif/tools/xtensa-esp32-elf/1.22.0-80-g6c4433a-5.2.0/xtensa-esp32-elf/xtensa-esp32-elf/include/c++/5.2.0;/Users/drewandre/.espressif/tools/xtensa-esp32-elf/1.22.0-80-g6c4433a-5.2.0/xtensa-esp32-elf/xtensa-esp32-elf/include/c++/5.2.0/xtensa-esp32-elf;/Users/drewandre/.espressif/tools/xtensa-esp32-elf/1.22.0-80-g6c4433a-5.2.0/xtensa-esp32-elf/xtensa-esp32-elf/include/c++/5.2.0/backward;/Users/drewandre/.espressif/tools/xtensa-esp32-elf/1.22.0-80-g6c4433a-5.2.0/xtensa-esp32-elf/lib/gcc/xtensa-esp32-elf/5.2.0/include;/Users/drewandre/.espressif/tools/xtensa-esp32-elf/1.22.0-80-g6c4433a-5.2.0/xtensa-esp32-elf/lib/gcc/xtensa-esp32-elf/5.2.0/include-fixed;/Users/drewandre/.espressif/tools/xtensa-esp32-elf/1.22.0-80-g6c4433a-5.2.0/xtensa-esp32-elf/xtensa-esp32-elf/include;/Users/drewandre/.espressif/tools/xtensa-esp32-elf/1.22.0-80-g6c4433a-5.2.0/xtensa-esp32-elf/xtensa-esp32-elf/sysroot/usr/include]


Parsed CXX implicit link information from above output:
  link line regex: [^( *|.*[/\])(xtensa-esp32-elf-ld|CMAKE_LINK_STARTFILE-NOTFOUND|([^/\]+-)?ld|collect2)[^/\]*( |$)]
  ignore line: [Change Dir: /Users/drewandre/esp/palette_firmware_esp32/build/CMakeFiles/CMakeTmp]
  ignore line: []
  ignore line: [Run Build Command(s):/usr/local/bin/ninja cmTC_c13c0 && [1/2] Building CXX object CMakeFiles/cmTC_c13c0.dir/CMakeCXXCompilerABI.cpp.obj]
  ignore line: [Using built-in specs.]
  ignore line: [COLLECT_GCC=/Users/drewandre/.espressif/tools/xtensa-esp32-elf/1.22.0-80-g6c4433a-5.2.0/xtensa-esp32-elf/bin/xtensa-esp32-elf-g++]
  ignore line: [Target: xtensa-esp32-elf]
  ignore line: [Configured with: /Volumes/build/idf/crosstool-NG/.build/src/gcc-5.2.0/configure --build=x86_64-build_apple-darwin16.3.0 --host=x86_64-build_apple-darwin16.3.0 --target=xtensa-esp32-elf --prefix=/Volumes/build/idf/crosstool-NG/builds/xtensa-esp32-elf --with-local-prefix=/Volumes/build/idf/crosstool-NG/builds/xtensa-esp32-elf/xtensa-esp32-elf/sysroot --with-sysroot=/Volumes/build/idf/crosstool-NG/builds/xtensa-esp32-elf/xtensa-esp32-elf/sysroot --with-newlib --enable-threads=no --disable-shared --with-pkgversion='crosstool-NG crosstool-ng-1.22.0-80-g6c4433a' --disable-__cxa_atexit --enable-cxx-flags='-fno-rtti -ffunction-sections' --with-gmp=/Volumes/build/idf/crosstool-NG/.build/xtensa-esp32-elf/buildtools --with-mpfr=/Volumes/build/idf/crosstool-NG/.build/xtensa-esp32-elf/buildtools --with-mpc=/Volumes/build/idf/crosstool-NG/.build/xtensa-esp32-elf/buildtools --with-isl=/Volumes/build/idf/crosstool-NG/.build/xtensa-esp32-elf/buildtools --with-cloog=/Volumes/build/idf/crosstool-NG/.build/xtensa-esp32-elf/buildtools --with-libelf=/Volumes/build/idf/crosstool-NG/.build/xtensa-esp32-elf/buildtools --enable-lto --enable-target-optspace --without-long-double-128 --disable-libgomp --disable-libmudflap --disable-libssp --disable-libquadmath --disable-libquadmath-support --disable-nls --enable-languages=c c++ --disable-libstdcxx-verbose --enable-threads=posix --enable-gcov-custom-rtio]
  ignore line: [Thread model: posix]
  ignore line: [gcc version 5.2.0 (crosstool-NG crosstool-ng-1.22.0-80-g6c4433a) ]
  ignore line: [COLLECT_GCC_OPTIONS='-mlongcalls' '-v' '-o' 'CMakeFiles/cmTC_c13c0.dir/CMakeCXXCompilerABI.cpp.obj' '-c']
  ignore line: [ /Users/drewandre/.espressif/tools/xtensa-esp32-elf/1.22.0-80-g6c4433a-5.2.0/xtensa-esp32-elf/bin/../libexec/gcc/xtensa-esp32-elf/5.2.0/cc1plus -quiet -v -iprefix /Users/drewandre/.espressif/tools/xtensa-esp32-elf/1.22.0-80-g6c4433a-5.2.0/xtensa-esp32-elf/bin/../lib/gcc/xtensa-esp32-elf/5.2.0/ -isysroot /Users/drewandre/.espressif/tools/xtensa-esp32-elf/1.22.0-80-g6c4433a-5.2.0/xtensa-esp32-elf/bin/../xtensa-esp32-elf/sysroot /usr/local/Cellar/cmake/3.16.4/share/cmake/Modules/CMakeCXXCompilerABI.cpp -quiet -dumpbase CMakeCXXCompilerABI.cpp -mlongcalls -auxbase-strip CMakeFiles/cmTC_c13c0.dir/CMakeCXXCompilerABI.cpp.obj -version -o /var/folders/g_/r1b4hjk107d4jr44k2snxmjm0000gn/T//ccjbrp6N.s]
  ignore line: [GNU C++ (crosstool-NG crosstool-ng-1.22.0-80-g6c4433a) version 5.2.0 (xtensa-esp32-elf)]
  ignore line: [	compiled by GNU C version 4.2.1 Compatible Apple LLVM 8.0.0 (clang-800.0.42.1)  GMP version 6.0.0  MPFR version 3.1.3  MPC version 1.0.3]
  ignore line: [GGC heuristics: --param ggc-min-expand=100 --param ggc-min-heapsize=131072]
  ignore line: [ignoring duplicate directory "/Users/drewandre/.espressif/tools/xtensa-esp32-elf/1.22.0-80-g6c4433a-5.2.0/xtensa-esp32-elf/bin/../lib/gcc/../../lib/gcc/xtensa-esp32-elf/5.2.0/../../../../xtensa-esp32-elf/include/c++/5.2.0"]
  ignore line: [ignoring duplicate directory "/Users/drewandre/.espressif/tools/xtensa-esp32-elf/1.22.0-80-g6c4433a-5.2.0/xtensa-esp32-elf/bin/../lib/gcc/../../lib/gcc/xtensa-esp32-elf/5.2.0/../../../../xtensa-esp32-elf/include/c++/5.2.0/xtensa-esp32-elf"]
  ignore line: [ignoring duplicate directory "/Users/drewandre/.espressif/tools/xtensa-esp32-elf/1.22.0-80-g6c4433a-5.2.0/xtensa-esp32-elf/bin/../lib/gcc/../../lib/gcc/xtensa-esp32-elf/5.2.0/../../../../xtensa-esp32-elf/include/c++/5.2.0/backward"]
  ignore line: [ignoring duplicate directory "/Users/drewandre/.espressif/tools/xtensa-esp32-elf/1.22.0-80-g6c4433a-5.2.0/xtensa-esp32-elf/bin/../lib/gcc/../../lib/gcc/xtensa-esp32-elf/5.2.0/include"]
  ignore line: [ignoring nonexistent directory "/Users/drewandre/.espressif/tools/xtensa-esp32-elf/1.22.0-80-g6c4433a-5.2.0/xtensa-esp32-elf/bin/../xtensa-esp32-elf/sysroot/Volumes/build/idf/crosstool-NG/builds/xtensa-esp32-elf/xtensa-esp32-elf/sysroot/include"]
  ignore line: [ignoring duplicate directory "/Users/drewandre/.espressif/tools/xtensa-esp32-elf/1.22.0-80-g6c4433a-5.2.0/xtensa-esp32-elf/bin/../lib/gcc/../../lib/gcc/xtensa-esp32-elf/5.2.0/include-fixed"]
  ignore line: [ignoring duplicate directory "/Users/drewandre/.espressif/tools/xtensa-esp32-elf/1.22.0-80-g6c4433a-5.2.0/xtensa-esp32-elf/bin/../lib/gcc/../../lib/gcc/xtensa-esp32-elf/5.2.0/../../../../xtensa-esp32-elf/include"]
  ignore line: [#include "..." search starts here:]
  ignore line: [#include <...> search starts here:]
  ignore line: [ /Users/drewandre/.espressif/tools/xtensa-esp32-elf/1.22.0-80-g6c4433a-5.2.0/xtensa-esp32-elf/bin/../lib/gcc/xtensa-esp32-elf/5.2.0/../../../../xtensa-esp32-elf/include/c++/5.2.0]
  ignore line: [ /Users/drewandre/.espressif/tools/xtensa-esp32-elf/1.22.0-80-g6c4433a-5.2.0/xtensa-esp32-elf/bin/../lib/gcc/xtensa-esp32-elf/5.2.0/../../../../xtensa-esp32-elf/include/c++/5.2.0/xtensa-esp32-elf]
  ignore line: [ /Users/drewandre/.espressif/tools/xtensa-esp32-elf/1.22.0-80-g6c4433a-5.2.0/xtensa-esp32-elf/bin/../lib/gcc/xtensa-esp32-elf/5.2.0/../../../../xtensa-esp32-elf/include/c++/5.2.0/backward]
  ignore line: [ /Users/drewandre/.espressif/tools/xtensa-esp32-elf/1.22.0-80-g6c4433a-5.2.0/xtensa-esp32-elf/bin/../lib/gcc/xtensa-esp32-elf/5.2.0/include]
  ignore line: [ /Users/drewandre/.espressif/tools/xtensa-esp32-elf/1.22.0-80-g6c4433a-5.2.0/xtensa-esp32-elf/bin/../lib/gcc/xtensa-esp32-elf/5.2.0/include-fixed]
  ignore line: [ /Users/drewandre/.espressif/tools/xtensa-esp32-elf/1.22.0-80-g6c4433a-5.2.0/xtensa-esp32-elf/bin/../lib/gcc/xtensa-esp32-elf/5.2.0/../../../../xtensa-esp32-elf/include]
  ignore line: [ /Users/drewandre/.espressif/tools/xtensa-esp32-elf/1.22.0-80-g6c4433a-5.2.0/xtensa-esp32-elf/bin/../xtensa-esp32-elf/sysroot/usr/include]
  ignore line: [End of search list.]
  ignore line: [GNU C++ (crosstool-NG crosstool-ng-1.22.0-80-g6c4433a) version 5.2.0 (xtensa-esp32-elf)]
  ignore line: [	compiled by GNU C version 4.2.1 Compatible Apple LLVM 8.0.0 (clang-800.0.42.1)  GMP version 6.0.0  MPFR version 3.1.3  MPC version 1.0.3]
  ignore line: [GGC heuristics: --param ggc-min-expand=100 --param ggc-min-heapsize=131072]
  ignore line: [Compiler executable checksum: 4b03cf59e62d72d5913a8de967b086bf]
  ignore line: [COLLECT_GCC_OPTIONS='-mlongcalls' '-v' '-o' 'CMakeFiles/cmTC_c13c0.dir/CMakeCXXCompilerABI.cpp.obj' '-c']
  ignore line: [ /Users/drewandre/.espressif/tools/xtensa-esp32-elf/1.22.0-80-g6c4433a-5.2.0/xtensa-esp32-elf/bin/../lib/gcc/xtensa-esp32-elf/5.2.0/../../../../xtensa-esp32-elf/bin/as --traditional-format --longcalls -o CMakeFiles/cmTC_c13c0.dir/CMakeCXXCompilerABI.cpp.obj /var/folders/g_/r1b4hjk107d4jr44k2snxmjm0000gn/T//ccjbrp6N.s]
  ignore line: [COMPILER_PATH=/Users/drewandre/.espressif/tools/xtensa-esp32-elf/1.22.0-80-g6c4433a-5.2.0/xtensa-esp32-elf/bin/../libexec/gcc/xtensa-esp32-elf/5.2.0/:/Users/drewandre/.espressif/tools/xtensa-esp32-elf/1.22.0-80-g6c4433a-5.2.0/xtensa-esp32-elf/bin/../libexec/gcc/:/Users/drewandre/.espressif/tools/xtensa-esp32-elf/1.22.0-80-g6c4433a-5.2.0/xtensa-esp32-elf/bin/../lib/gcc/xtensa-esp32-elf/5.2.0/../../../../xtensa-esp32-elf/bin/]
  ignore line: [LIBRARY_PATH=/Users/drewandre/.espressif/tools/xtensa-esp32-elf/1.22.0-80-g6c4433a-5.2.0/xtensa-esp32-elf/bin/../lib/gcc/xtensa-esp32-elf/5.2.0/:/Users/drewandre/.espressif/tools/xtensa-esp32-elf/1.22.0-80-g6c4433a-5.2.0/xtensa-esp32-elf/bin/../lib/gcc/:/Users/drewandre/.espressif/tools/xtensa-esp32-elf/1.22.0-80-g6c4433a-5.2.0/xtensa-esp32-elf/bin/../lib/gcc/xtensa-esp32-elf/5.2.0/../../../../xtensa-esp32-elf/lib/:/Users/drewandre/.espressif/tools/xtensa-esp32-elf/1.22.0-80-g6c4433a-5.2.0/xtensa-esp32-elf/bin/../xtensa-esp32-elf/sysroot/lib/:/Users/drewandre/.espressif/tools/xtensa-esp32-elf/1.22.0-80-g6c4433a-5.2.0/xtensa-esp32-elf/bin/../xtensa-esp32-elf/sysroot/usr/lib/]
  ignore line: [COLLECT_GCC_OPTIONS='-mlongcalls' '-v' '-o' 'CMakeFiles/cmTC_c13c0.dir/CMakeCXXCompilerABI.cpp.obj' '-c']
  ignore line: [[2/2] Linking CXX executable cmTC_c13c0]
  ignore line: [Using built-in specs.]
  ignore line: [COLLECT_GCC=/Users/drewandre/.espressif/tools/xtensa-esp32-elf/1.22.0-80-g6c4433a-5.2.0/xtensa-esp32-elf/bin/xtensa-esp32-elf-g++]
  ignore line: [COLLECT_LTO_WRAPPER=/Users/drewandre/.espressif/tools/xtensa-esp32-elf/1.22.0-80-g6c4433a-5.2.0/xtensa-esp32-elf/bin/../libexec/gcc/xtensa-esp32-elf/5.2.0/lto-wrapper]
  ignore line: [Target: xtensa-esp32-elf]
  ignore line: [Configured with: /Volumes/build/idf/crosstool-NG/.build/src/gcc-5.2.0/configure --build=x86_64-build_apple-darwin16.3.0 --host=x86_64-build_apple-darwin16.3.0 --target=xtensa-esp32-elf --prefix=/Volumes/build/idf/crosstool-NG/builds/xtensa-esp32-elf --with-local-prefix=/Volumes/build/idf/crosstool-NG/builds/xtensa-esp32-elf/xtensa-esp32-elf/sysroot --with-sysroot=/Volumes/build/idf/crosstool-NG/builds/xtensa-esp32-elf/xtensa-esp32-elf/sysroot --with-newlib --enable-threads=no --disable-shared --with-pkgversion='crosstool-NG crosstool-ng-1.22.0-80-g6c4433a' --disable-__cxa_atexit --enable-cxx-flags='-fno-rtti -ffunction-sections' --with-gmp=/Volumes/build/idf/crosstool-NG/.build/xtensa-esp32-elf/buildtools --with-mpfr=/Volumes/build/idf/crosstool-NG/.build/xtensa-esp32-elf/buildtools --with-mpc=/Volumes/build/idf/crosstool-NG/.build/xtensa-esp32-elf/buildtools --with-isl=/Volumes/build/idf/crosstool-NG/.build/xtensa-esp32-elf/buildtools --with-cloog=/Volumes/build/idf/crosstool-NG/.build/xtensa-esp32-elf/buildtools --with-libelf=/Volumes/build/idf/crosstool-NG/.build/xtensa-esp32-elf/buildtools --enable-lto --enable-target-optspace --without-long-double-128 --disable-libgomp --disable-libmudflap --disable-libssp --disable-libquadmath --disable-libquadmath-support --disable-nls --enable-languages=c c++ --disable-libstdcxx-verbose --enable-threads=posix --enable-gcov-custom-rtio]
  ignore line: [Thread model: posix]
  ignore line: [gcc version 5.2.0 (crosstool-NG crosstool-ng-1.22.0-80-g6c4433a) ]
  ignore line: [COMPILER_PATH=/Users/drewandre/.espressif/tools/xtensa-esp32-elf/1.22.0-80-g6c4433a-5.2.0/xtensa-esp32-elf/bin/../libexec/gcc/xtensa-esp32-elf/5.2.0/:/Users/drewandre/.espressif/tools/xtensa-esp32-elf/1.22.0-80-g6c4433a-5.2.0/xtensa-esp32-elf/bin/../libexec/gcc/:/Users/drewandre/.espressif/tools/xtensa-esp32-elf/1.22.0-80-g6c4433a-5.2.0/xtensa-esp32-elf/bin/../lib/gcc/xtensa-esp32-elf/5.2.0/../../../../xtensa-esp32-elf/bin/]
  ignore line: [LIBRARY_PATH=/Users/drewandre/.espressif/tools/xtensa-esp32-elf/1.22.0-80-g6c4433a-5.2.0/xtensa-esp32-elf/bin/../lib/gcc/xtensa-esp32-elf/5.2.0/:/Users/drewandre/.espressif/tools/xtensa-esp32-elf/1.22.0-80-g6c4433a-5.2.0/xtensa-esp32-elf/bin/../lib/gcc/:/Users/drewandre/.espressif/tools/xtensa-esp32-elf/1.22.0-80-g6c4433a-5.2.0/xtensa-esp32-elf/bin/../lib/gcc/xtensa-esp32-elf/5.2.0/../../../../xtensa-esp32-elf/lib/:/Users/drewandre/.espressif/tools/xtensa-esp32-elf/1.22.0-80-g6c4433a-5.2.0/xtensa-esp32-elf/bin/../xtensa-esp32-elf/sysroot/lib/:/Users/drewandre/.espressif/tools/xtensa-esp32-elf/1.22.0-80-g6c4433a-5.2.0/xtensa-esp32-elf/bin/../xtensa-esp32-elf/sysroot/usr/lib/]
  ignore line: [COLLECT_GCC_OPTIONS='-mlongcalls' '-nostdlib' '-v' '-o' 'cmTC_c13c0']
  link line: [ /Users/drewandre/.espressif/tools/xtensa-esp32-elf/1.22.0-80-g6c4433a-5.2.0/xtensa-esp32-elf/bin/../libexec/gcc/xtensa-esp32-elf/5.2.0/collect2 -plugin /Users/drewandre/.espressif/tools/xtensa-esp32-elf/1.22.0-80-g6c4433a-5.2.0/xtensa-esp32-elf/bin/../libexec/gcc/xtensa-esp32-elf/5.2.0/liblto_plugin.so -plugin-opt=/Users/drewandre/.espressif/tools/xtensa-esp32-elf/1.22.0-80-g6c4433a-5.2.0/xtensa-esp32-elf/bin/../libexec/gcc/xtensa-esp32-elf/5.2.0/lto-wrapper -plugin-opt=-fresolution=/var/folders/g_/r1b4hjk107d4jr44k2snxmjm0000gn/T//cckh07Gm.res --sysroot=/Users/drewandre/.espressif/tools/xtensa-esp32-elf/1.22.0-80-g6c4433a-5.2.0/xtensa-esp32-elf/bin/../xtensa-esp32-elf/sysroot -o cmTC_c13c0 -L/Users/drewandre/.espressif/tools/xtensa-esp32-elf/1.22.0-80-g6c4433a-5.2.0/xtensa-esp32-elf/bin/../lib/gcc/xtensa-esp32-elf/5.2.0 -L/Users/drewandre/.espressif/tools/xtensa-esp32-elf/1.22.0-80-g6c4433a-5.2.0/xtensa-esp32-elf/bin/../lib/gcc -L/Users/drewandre/.espressif/tools/xtensa-esp32-elf/1.22.0-80-g6c4433a-5.2.0/xtensa-esp32-elf/bin/../lib/gcc/xtensa-esp32-elf/5.2.0/../../../../xtensa-esp32-elf/lib -L/Users/drewandre/.espressif/tools/xtensa-esp32-elf/1.22.0-80-g6c4433a-5.2.0/xtensa-esp32-elf/bin/../xtensa-esp32-elf/sysroot/lib -L/Users/drewandre/.espressif/tools/xtensa-esp32-elf/1.22.0-80-g6c4433a-5.2.0/xtensa-esp32-elf/bin/../xtensa-esp32-elf/sysroot/usr/lib CMakeFiles/cmTC_c13c0.dir/CMakeCXXCompilerABI.cpp.obj]
    arg [/Users/drewandre/.espressif/tools/xtensa-esp32-elf/1.22.0-80-g6c4433a-5.2.0/xtensa-esp32-elf/bin/../libexec/gcc/xtensa-esp32-elf/5.2.0/collect2] ==> ignore
    arg [-plugin] ==> ignore
    arg [/Users/drewandre/.espressif/tools/xtensa-esp32-elf/1.22.0-80-g6c4433a-5.2.0/xtensa-esp32-elf/bin/../libexec/gcc/xtensa-esp32-elf/5.2.0/liblto_plugin.so] ==> ignore
    arg [-plugin-opt=/Users/drewandre/.espressif/tools/xtensa-esp32-elf/1.22.0-80-g6c4433a-5.2.0/xtensa-esp32-elf/bin/../libexec/gcc/xtensa-esp32-elf/5.2.0/lto-wrapper] ==> ignore
    arg [-plugin-opt=-fresolution=/var/folders/g_/r1b4hjk107d4jr44k2snxmjm0000gn/T//cckh07Gm.res] ==> ignore
    arg [--sysroot=/Users/drewandre/.espressif/tools/xtensa-esp32-elf/1.22.0-80-g6c4433a-5.2.0/xtensa-esp32-elf/bin/../xtensa-esp32-elf/sysroot] ==> ignore
    arg [-o] ==> ignore
    arg [cmTC_c13c0] ==> ignore
    arg [-L/Users/drewandre/.espressif/tools/xtensa-esp32-elf/1.22.0-80-g6c4433a-5.2.0/xtensa-esp32-elf/bin/../lib/gcc/xtensa-esp32-elf/5.2.0] ==> dir [/Users/drewandre/.espressif/tools/xtensa-esp32-elf/1.22.0-80-g6c4433a-5.2.0/xtensa-esp32-elf/bin/../lib/gcc/xtensa-esp32-elf/5.2.0]
    arg [-L/Users/drewandre/.espressif/tools/xtensa-esp32-elf/1.22.0-80-g6c4433a-5.2.0/xtensa-esp32-elf/bin/../lib/gcc] ==> dir [/Users/drewandre/.espressif/tools/xtensa-esp32-elf/1.22.0-80-g6c4433a-5.2.0/xtensa-esp32-elf/bin/../lib/gcc]
    arg [-L/Users/drewandre/.espressif/tools/xtensa-esp32-elf/1.22.0-80-g6c4433a-5.2.0/xtensa-esp32-elf/bin/../lib/gcc/xtensa-esp32-elf/5.2.0/../../../../xtensa-esp32-elf/lib] ==> dir [/Users/drewandre/.espressif/tools/xtensa-esp32-elf/1.22.0-80-g6c4433a-5.2.0/xtensa-esp32-elf/bin/../lib/gcc/xtensa-esp32-elf/5.2.0/../../../../xtensa-esp32-elf/lib]
    arg [-L/Users/drewandre/.espressif/tools/xtensa-esp32-elf/1.22.0-80-g6c4433a-5.2.0/xtensa-esp32-elf/bin/../xtensa-esp32-elf/sysroot/lib] ==> dir [/Users/drewandre/.espressif/tools/xtensa-esp32-elf/1.22.0-80-g6c4433a-5.2.0/xtensa-esp32-elf/bin/../xtensa-esp32-elf/sysroot/lib]
    arg [-L/Users/drewandre/.espressif/tools/xtensa-esp32-elf/1.22.0-80-g6c4433a-5.2.0/xtensa-esp32-elf/bin/../xtensa-esp32-elf/sysroot/usr/lib] ==> dir [/Users/drewandre/.espressif/tools/xtensa-esp32-elf/1.22.0-80-g6c4433a-5.2.0/xtensa-esp32-elf/bin/../xtensa-esp32-elf/sysroot/usr/lib]
    arg [CMakeFiles/cmTC_c13c0.dir/CMakeCXXCompilerABI.cpp.obj] ==> ignore
  collapse library dir [/Users/drewandre/.espressif/tools/xtensa-esp32-elf/1.22.0-80-g6c4433a-5.2.0/xtensa-esp32-elf/bin/../lib/gcc/xtensa-esp32-elf/5.2.0] ==> [/Users/drewandre/.espressif/tools/xtensa-esp32-elf/1.22.0-80-g6c4433a-5.2.0/xtensa-esp32-elf/lib/gcc/xtensa-esp32-elf/5.2.0]
  collapse library dir [/Users/drewandre/.espressif/tools/xtensa-esp32-elf/1.22.0-80-g6c4433a-5.2.0/xtensa-esp32-elf/bin/../lib/gcc] ==> [/Users/drewandre/.espressif/tools/xtensa-esp32-elf/1.22.0-80-g6c4433a-5.2.0/xtensa-esp32-elf/lib/gcc]
  collapse library dir [/Users/drewandre/.espressif/tools/xtensa-esp32-elf/1.22.0-80-g6c4433a-5.2.0/xtensa-esp32-elf/bin/../lib/gcc/xtensa-esp32-elf/5.2.0/../../../../xtensa-esp32-elf/lib] ==> [/Users/drewandre/.espressif/tools/xtensa-esp32-elf/1.22.0-80-g6c4433a-5.2.0/xtensa-esp32-elf/xtensa-esp32-elf/lib]
  collapse library dir [/Users/drewandre/.espressif/tools/xtensa-esp32-elf/1.22.0-80-g6c4433a-5.2.0/xtensa-esp32-elf/bin/../xtensa-esp32-elf/sysroot/lib] ==> [/Users/drewandre/.espressif/tools/xtensa-esp32-elf/1.22.0-80-g6c4433a-5.2.0/xtensa-esp32-elf/xtensa-esp32-elf/sysroot/lib]
  collapse library dir [/Users/drewandre/.espressif/tools/xtensa-esp32-elf/1.22.0-80-g6c4433a-5.2.0/xtensa-esp32-elf/bin/../xtensa-esp32-elf/sysroot/usr/lib] ==> [/Users/drewandre/.espressif/tools/xtensa-esp32-elf/1.22.0-80-g6c4433a-5.2.0/xtensa-esp32-elf/xtensa-esp32-elf/sysroot/usr/lib]
  implicit libs: []
  implicit dirs: [/Users/drewandre/.espressif/tools/xtensa-esp32-elf/1.22.0-80-g6c4433a-5.2.0/xtensa-esp32-elf/lib/gcc/xtensa-esp32-elf/5.2.0;/Users/drewandre/.espressif/tools/xtensa-esp32-elf/1.22.0-80-g6c4433a-5.2.0/xtensa-esp32-elf/lib/gcc;/Users/drewandre/.espressif/tools/xtensa-esp32-elf/1.22.0-80-g6c4433a-5.2.0/xtensa-esp32-elf/xtensa-esp32-elf/lib;/Users/drewandre/.espressif/tools/xtensa-esp32-elf/1.22.0-80-g6c4433a-5.2.0/xtensa-esp32-elf/xtensa-esp32-elf/sysroot/lib;/Users/drewandre/.espressif/tools/xtensa-esp32-elf/1.22.0-80-g6c4433a-5.2.0/xtensa-esp32-elf/xtensa-esp32-elf/sysroot/usr/lib]
  implicit fwks: []


